# Logfile created on 2014-01-05 11:29:34 +0100 by logger.rb/44203
I, [2014-01-05T11:29:34.431787 #18590]  INFO -- : 0:  rake (10.1.1) from /Users/Mathijs/.rbenv/versions/2.1.0/lib/ruby/gems/2.1.0/specifications/rake-10.1.1.gemspec
I, [2014-01-05T11:29:34.432296 #18590]  INFO -- : 0:  i18n (0.6.9) from /Users/Mathijs/.rbenv/versions/2.1.0/lib/ruby/gems/2.1.0/specifications/i18n-0.6.9.gemspec
I, [2014-01-05T11:29:34.432664 #18590]  INFO -- : 0:  multi_json (1.8.2) from /Users/Mathijs/.rbenv/versions/2.1.0/lib/ruby/gems/2.1.0/specifications/multi_json-1.8.2.gemspec
I, [2014-01-05T11:29:35.965321 #18590]  INFO -- : 0:  activesupport (3.2.16) from /Users/Mathijs/.rbenv/versions/2.1.0/lib/ruby/gems/2.1.0/specifications/activesupport-3.2.16.gemspec
I, [2014-01-05T11:29:37.846277 #18590]  INFO -- : 0:  bubble-wrap (1.4.0) from /Users/Mathijs/.rbenv/versions/2.1.0/lib/ruby/gems/2.1.0/specifications/bubble-wrap-1.4.0.gemspec
I, [2014-01-05T11:29:39.229309 #18590]  INFO -- : 0:  claide (0.4.0) from /Users/Mathijs/.rbenv/versions/2.1.0/lib/ruby/gems/2.1.0/specifications/claide-0.4.0.gemspec
I, [2014-01-05T11:29:41.077432 #18590]  INFO -- : 0:  fuzzy_match (2.0.4) from /Users/Mathijs/.rbenv/versions/2.1.0/lib/ruby/gems/2.1.0/specifications/fuzzy_match-2.0.4.gemspec
I, [2014-01-05T11:29:42.785065 #18590]  INFO -- : 0:  json_pure (1.8.1) from /Users/Mathijs/.rbenv/versions/2.1.0/lib/ruby/gems/2.1.0/specifications/json_pure-1.8.1.gemspec
I, [2014-01-05T11:29:43.982331 #18590]  INFO -- : 0:  nap (0.6.0) from /Users/Mathijs/.rbenv/versions/2.1.0/lib/ruby/gems/2.1.0/specifications/nap-0.6.0.gemspec
I, [2014-01-05T11:29:45.309530 #18590]  INFO -- : 0:  cocoapods-core (0.29.0) from /Users/Mathijs/.rbenv/versions/2.1.0/lib/ruby/gems/2.1.0/specifications/cocoapods-core-0.29.0.gemspec
I, [2014-01-05T11:29:46.401627 #18590]  INFO -- : 0:  cocoapods-downloader (0.3.0) from /Users/Mathijs/.rbenv/versions/2.1.0/lib/ruby/gems/2.1.0/specifications/cocoapods-downloader-0.3.0.gemspec
I, [2014-01-05T11:29:48.624231 #18590]  INFO -- : 0:  cocoapods-try-release-fix (0.1.1) from /Users/Mathijs/.rbenv/versions/2.1.0/lib/ruby/gems/2.1.0/specifications/cocoapods-try-release-fix-0.1.1.gemspec
I, [2014-01-05T11:29:49.674424 #18590]  INFO -- : 0:  colored (1.2) from /Users/Mathijs/.rbenv/versions/2.1.0/lib/ruby/gems/2.1.0/specifications/colored-1.2.gemspec
I, [2014-01-05T11:29:50.721852 #18590]  INFO -- : 0:  escape (0.0.4) from /Users/Mathijs/.rbenv/versions/2.1.0/lib/ruby/gems/2.1.0/specifications/escape-0.0.4.gemspec
I, [2014-01-05T11:29:51.843598 #18590]  INFO -- : 0:  open4 (1.3.0) from /Users/Mathijs/.rbenv/versions/2.1.0/lib/ruby/gems/2.1.0/specifications/open4-1.3.0.gemspec
I, [2014-01-05T11:29:54.181950 #18590]  INFO -- : 0:  xcodeproj (0.14.1) from /Users/Mathijs/.rbenv/versions/2.1.0/lib/ruby/gems/2.1.0/specifications/xcodeproj-0.14.1.gemspec
I, [2014-01-05T11:29:55.529826 #18590]  INFO -- : 0:  cocoapods (0.29.0) from /Users/Mathijs/.rbenv/versions/2.1.0/lib/ruby/gems/2.1.0/specifications/cocoapods-0.29.0.gemspec
I, [2014-01-05T11:29:56.675957 #18590]  INFO -- : 0:  motion-require (0.0.7) from /Users/Mathijs/.rbenv/versions/2.1.0/lib/ruby/gems/2.1.0/specifications/motion-require-0.0.7.gemspec
I, [2014-01-05T11:29:58.422475 #18590]  INFO -- : 0:  formotion (1.6) from /Users/Mathijs/.rbenv/versions/2.1.0/lib/ruby/gems/2.1.0/specifications/formotion-1.6.gemspec
I, [2014-01-05T11:29:59.708340 #18590]  INFO -- : 0:  motion-cocoapods (1.4.0) from /Users/Mathijs/.rbenv/versions/2.1.0/lib/ruby/gems/2.1.0/specifications/motion-cocoapods-1.4.0.gemspec
I, [2014-01-05T11:30:01.834905 #18590]  INFO -- : 0:  motion-support (0.2.6) from /Users/Mathijs/.rbenv/versions/2.1.0/lib/ruby/gems/2.1.0/specifications/motion-support-0.2.6.gemspec
I, [2014-01-05T11:30:03.499660 #18590]  INFO -- : 0:  motion_model (0.5.0) from /Users/Mathijs/.rbenv/versions/2.1.0/lib/ruby/gems/2.1.0/specifications/motion_model-0.5.0.gemspec
I, [2014-01-05T11:30:03.500354 #18590]  INFO -- : 0:  bundler (1.5.1) from /Users/Mathijs/.rbenv/versions/2.1.0/lib/ruby/gems/2.1.0/specifications/bundler-1.5.1.gemspec
